<?xml version="1.0" encoding="utf-8"?>
<TestRun id="10377a7e-7a78-4028-a002-61b31d97e8b3" name="Boss@DESKTOP-HUGPBE1 2025-12-31 02:35:29" runUser="DESKTOP-HUGPBE1\Boss" xmlns="http://microsoft.com/schemas/VisualStudio/TeamTest/2010">
  <Times creation="2025-12-31T02:35:29.3623518-06:00" queuing="2025-12-31T02:35:29.3623521-06:00" start="2025-12-31T02:35:28.2645366-06:00" finish="2025-12-31T02:35:29.3657957-06:00" />
  <TestSettings name="default" id="b1d2d0fe-1642-43a0-a241-ab9899a7cb54">
    <Deployment runDeploymentRoot="Boss_DESKTOP-HUGPBE1_2025-12-31_02_35_29" />
  </TestSettings>
  <Results>
    <UnitTestResult executionId="693d0ed5-32ed-4768-b319-627b62be28c6" testId="4b876d0c-4a57-17c5-3ead-d343ea302b7a" testName="PrivacyHardeningTests.CommandValidatorTests.AuditCommand_IsValid" computerName="DESKTOP-HUGPBE1" duration="00:00:00.0000801" startTime="2025-12-31T02:35:29.2594151-06:00" endTime="2025-12-31T02:35:29.2594152-06:00" testType="13cdc9d9-ddb5-4fa4-a97d-d965ccfc6d4b" outcome="Passed" testListId="8c84fa94-04c1-424b-9868-57a2d4851a1d" relativeResultsDirectory="693d0ed5-32ed-4768-b319-627b62be28c6" />
    <UnitTestResult executionId="fc6fb6c8-f20d-4ba1-9d4c-cf9c30864715" testId="5bca337b-2edb-61a3-295f-17b39446a585" testName="PrivacyHardeningTests.CommandValidatorTests.RevertCommand_MissingAll_IsInvalid" computerName="DESKTOP-HUGPBE1" duration="00:00:00.0005670" startTime="2025-12-31T02:35:29.2743174-06:00" endTime="2025-12-31T02:35:29.2743175-06:00" testType="13cdc9d9-ddb5-4fa4-a97d-d965ccfc6d4b" outcome="Passed" testListId="8c84fa94-04c1-424b-9868-57a2d4851a1d" relativeResultsDirectory="fc6fb6c8-f20d-4ba1-9d4c-cf9c30864715" />
    <UnitTestResult executionId="01f78aad-2ab4-4182-92b6-46fe44c0d7aa" testId="bf21da52-3662-0f61-bdcf-42af4745ccff" testName="PrivacyHardeningTests.CommandValidatorTests.RevertCommand_WithPolicyIds_IsValid" computerName="DESKTOP-HUGPBE1" duration="00:00:00.0023440" startTime="2025-12-31T02:35:29.2572522-06:00" endTime="2025-12-31T02:35:29.2572624-06:00" testType="13cdc9d9-ddb5-4fa4-a97d-d965ccfc6d4b" outcome="Passed" testListId="8c84fa94-04c1-424b-9868-57a2d4851a1d" relativeResultsDirectory="01f78aad-2ab4-4182-92b6-46fe44c0d7aa" />
    <UnitTestResult executionId="e03ad769-825a-4efd-9db0-3a53c2279bd6" testId="445746a4-a319-877b-b6b2-39312d6423e8" testName="PrivacyHardeningTests.CommandValidatorTests.ApplyCommand_WithPolicyIds_IsValid" computerName="DESKTOP-HUGPBE1" duration="00:00:00.0001802" startTime="2025-12-31T02:35:29.2737362-06:00" endTime="2025-12-31T02:35:29.2737363-06:00" testType="13cdc9d9-ddb5-4fa4-a97d-d965ccfc6d4b" outcome="Passed" testListId="8c84fa94-04c1-424b-9868-57a2d4851a1d" relativeResultsDirectory="e03ad769-825a-4efd-9db0-3a53c2279bd6" />
    <UnitTestResult executionId="9f782b1a-9884-4c27-8ef5-27b4f578f3a9" testId="cedc593f-3429-e6ce-ce37-fcb54547e80d" testName="PrivacyHardeningTests.CommandValidatorTests.Command_Serialization_Polymorphic_Roundtrip" computerName="DESKTOP-HUGPBE1" duration="00:00:00.0164694" startTime="2025-12-31T02:35:29.2734031-06:00" endTime="2025-12-31T02:35:29.2734033-06:00" testType="13cdc9d9-ddb5-4fa4-a97d-d965ccfc6d4b" outcome="Passed" testListId="8c84fa94-04c1-424b-9868-57a2d4851a1d" relativeResultsDirectory="9f782b1a-9884-4c27-8ef5-27b4f578f3a9" />
    <UnitTestResult executionId="fa022980-1c0f-40ad-8bf0-ac85ee25d168" testId="a3e6e831-8337-8f02-3034-07b7cf345487" testName="PrivacyHardeningTests.CommandValidatorTests.ApplyCommand_MissingPolicyIds_IsInvalid" computerName="DESKTOP-HUGPBE1" duration="00:00:00.0000800" startTime="2025-12-31T02:35:29.2744234-06:00" endTime="2025-12-31T02:35:29.2744235-06:00" testType="13cdc9d9-ddb5-4fa4-a97d-d965ccfc6d4b" outcome="Passed" testListId="8c84fa94-04c1-424b-9868-57a2d4851a1d" relativeResultsDirectory="fa022980-1c0f-40ad-8bf0-ac85ee25d168" />
  </Results>
  <TestDefinitions>
    <UnitTest name="PrivacyHardeningTests.CommandValidatorTests.ApplyCommand_WithPolicyIds_IsValid" storage="c:\users\boss\downloads\code projects\windows scripts\windows script test 01\tests\privacyhardeningtests\bin\release\net8.0-windows10.0.22621.0\privacyhardeningtests.dll" id="445746a4-a319-877b-b6b2-39312d6423e8">
      <Execution id="e03ad769-825a-4efd-9db0-3a53c2279bd6" />
      <TestMethod codeBase="C:\Users\Boss\Downloads\Code Projects\WINDOWS SCRIPTS\Windows script test 01\tests\PrivacyHardeningTests\bin\Release\net8.0-windows10.0.22621.0\PrivacyHardeningTests.dll" adapterTypeName="executor://xunit/VsTestRunner2/netcoreapp" className="PrivacyHardeningTests.CommandValidatorTests" name="ApplyCommand_WithPolicyIds_IsValid" />
    </UnitTest>
    <UnitTest name="PrivacyHardeningTests.CommandValidatorTests.ApplyCommand_MissingPolicyIds_IsInvalid" storage="c:\users\boss\downloads\code projects\windows scripts\windows script test 01\tests\privacyhardeningtests\bin\release\net8.0-windows10.0.22621.0\privacyhardeningtests.dll" id="a3e6e831-8337-8f02-3034-07b7cf345487">
      <Execution id="fa022980-1c0f-40ad-8bf0-ac85ee25d168" />
      <TestMethod codeBase="C:\Users\Boss\Downloads\Code Projects\WINDOWS SCRIPTS\Windows script test 01\tests\PrivacyHardeningTests\bin\Release\net8.0-windows10.0.22621.0\PrivacyHardeningTests.dll" adapterTypeName="executor://xunit/VsTestRunner2/netcoreapp" className="PrivacyHardeningTests.CommandValidatorTests" name="ApplyCommand_MissingPolicyIds_IsInvalid" />
    </UnitTest>
    <UnitTest name="PrivacyHardeningTests.CommandValidatorTests.Command_Serialization_Polymorphic_Roundtrip" storage="c:\users\boss\downloads\code projects\windows scripts\windows script test 01\tests\privacyhardeningtests\bin\release\net8.0-windows10.0.22621.0\privacyhardeningtests.dll" id="cedc593f-3429-e6ce-ce37-fcb54547e80d">
      <Execution id="9f782b1a-9884-4c27-8ef5-27b4f578f3a9" />
      <TestMethod codeBase="C:\Users\Boss\Downloads\Code Projects\WINDOWS SCRIPTS\Windows script test 01\tests\PrivacyHardeningTests\bin\Release\net8.0-windows10.0.22621.0\PrivacyHardeningTests.dll" adapterTypeName="executor://xunit/VsTestRunner2/netcoreapp" className="PrivacyHardeningTests.CommandValidatorTests" name="Command_Serialization_Polymorphic_Roundtrip" />
    </UnitTest>
    <UnitTest name="PrivacyHardeningTests.CommandValidatorTests.AuditCommand_IsValid" storage="c:\users\boss\downloads\code projects\windows scripts\windows script test 01\tests\privacyhardeningtests\bin\release\net8.0-windows10.0.22621.0\privacyhardeningtests.dll" id="4b876d0c-4a57-17c5-3ead-d343ea302b7a">
      <Execution id="693d0ed5-32ed-4768-b319-627b62be28c6" />
      <TestMethod codeBase="C:\Users\Boss\Downloads\Code Projects\WINDOWS SCRIPTS\Windows script test 01\tests\PrivacyHardeningTests\bin\Release\net8.0-windows10.0.22621.0\PrivacyHardeningTests.dll" adapterTypeName="executor://xunit/VsTestRunner2/netcoreapp" className="PrivacyHardeningTests.CommandValidatorTests" name="AuditCommand_IsValid" />
    </UnitTest>
    <UnitTest name="PrivacyHardeningTests.CommandValidatorTests.RevertCommand_WithPolicyIds_IsValid" storage="c:\users\boss\downloads\code projects\windows scripts\windows script test 01\tests\privacyhardeningtests\bin\release\net8.0-windows10.0.22621.0\privacyhardeningtests.dll" id="bf21da52-3662-0f61-bdcf-42af4745ccff">
      <Execution id="01f78aad-2ab4-4182-92b6-46fe44c0d7aa" />
      <TestMethod codeBase="C:\Users\Boss\Downloads\Code Projects\WINDOWS SCRIPTS\Windows script test 01\tests\PrivacyHardeningTests\bin\Release\net8.0-windows10.0.22621.0\PrivacyHardeningTests.dll" adapterTypeName="executor://xunit/VsTestRunner2/netcoreapp" className="PrivacyHardeningTests.CommandValidatorTests" name="RevertCommand_WithPolicyIds_IsValid" />
    </UnitTest>
    <UnitTest name="PrivacyHardeningTests.CommandValidatorTests.RevertCommand_MissingAll_IsInvalid" storage="c:\users\boss\downloads\code projects\windows scripts\windows script test 01\tests\privacyhardeningtests\bin\release\net8.0-windows10.0.22621.0\privacyhardeningtests.dll" id="5bca337b-2edb-61a3-295f-17b39446a585">
      <Execution id="fc6fb6c8-f20d-4ba1-9d4c-cf9c30864715" />
      <TestMethod codeBase="C:\Users\Boss\Downloads\Code Projects\WINDOWS SCRIPTS\Windows script test 01\tests\PrivacyHardeningTests\bin\Release\net8.0-windows10.0.22621.0\PrivacyHardeningTests.dll" adapterTypeName="executor://xunit/VsTestRunner2/netcoreapp" className="PrivacyHardeningTests.CommandValidatorTests" name="RevertCommand_MissingAll_IsInvalid" />
    </UnitTest>
  </TestDefinitions>
  <TestEntries>
    <TestEntry testId="4b876d0c-4a57-17c5-3ead-d343ea302b7a" executionId="693d0ed5-32ed-4768-b319-627b62be28c6" testListId="8c84fa94-04c1-424b-9868-57a2d4851a1d" />
    <TestEntry testId="5bca337b-2edb-61a3-295f-17b39446a585" executionId="fc6fb6c8-f20d-4ba1-9d4c-cf9c30864715" testListId="8c84fa94-04c1-424b-9868-57a2d4851a1d" />
    <TestEntry testId="bf21da52-3662-0f61-bdcf-42af4745ccff" executionId="01f78aad-2ab4-4182-92b6-46fe44c0d7aa" testListId="8c84fa94-04c1-424b-9868-57a2d4851a1d" />
    <TestEntry testId="445746a4-a319-877b-b6b2-39312d6423e8" executionId="e03ad769-825a-4efd-9db0-3a53c2279bd6" testListId="8c84fa94-04c1-424b-9868-57a2d4851a1d" />
    <TestEntry testId="cedc593f-3429-e6ce-ce37-fcb54547e80d" executionId="9f782b1a-9884-4c27-8ef5-27b4f578f3a9" testListId="8c84fa94-04c1-424b-9868-57a2d4851a1d" />
    <TestEntry testId="a3e6e831-8337-8f02-3034-07b7cf345487" executionId="fa022980-1c0f-40ad-8bf0-ac85ee25d168" testListId="8c84fa94-04c1-424b-9868-57a2d4851a1d" />
  </TestEntries>
  <TestLists>
    <TestList name="Results Not in a List" id="8c84fa94-04c1-424b-9868-57a2d4851a1d" />
    <TestList name="All Loaded Results" id="19431567-8539-422a-85d7-44ee4e166bda" />
  </TestLists>
  <ResultSummary outcome="Completed">
    <Counters total="6" executed="6" passed="6" failed="0" error="0" timeout="0" aborted="0" inconclusive="0" passedButRunAborted="0" notRunnable="0" notExecuted="0" disconnected="0" warning="0" completed="0" inProgress="0" pending="0" />
    <Output>
      <StdOut>[xUnit.net 00:00:00.00] xUnit.net VSTest Adapter v2.4.5+1caef2f33e (64-bit .NET 8.0.21)&#xD;
[xUnit.net 00:00:00.63]   Discovering: PrivacyHardeningTests&#xD;
[xUnit.net 00:00:00.65]   Discovered:  PrivacyHardeningTests&#xD;
[xUnit.net 00:00:00.65]   Starting:    PrivacyHardeningTests&#xD;
[xUnit.net 00:00:00.70]   Finished:    PrivacyHardeningTests&#xD;
</StdOut>
    </Output>
  </ResultSummary>
</TestRun>